ubuntu@VM-24-12-ubuntu:~/hadoop-3.3.1$ ./bin/hadoop jar share/hadoop/mapreduce/hadoop-mapreduce-examples-3.3.1.jar grep input output 'dfs[a-z.]+'
2023-02-18 18:55:04,493 INFO impl.MetricsConfig: Loaded properties from hadoop-metrics2.properties
2023-02-18 18:55:04,601 INFO impl.MetricsSystemImpl: Scheduled Metric snapshot period at 10 second(s).
2023-02-18 18:55:04,601 INFO impl.MetricsSystemImpl: JobTracker metrics system started
2023-02-18 18:55:04,876 INFO input.FileInputFormat: Total input files to process : 10
2023-02-18 18:55:04,918 INFO mapreduce.JobSubmitter: number of splits:10
2023-02-18 18:55:05,043 INFO mapreduce.JobSubmitter: Submitting tokens for job: job_local2103130267_0001
2023-02-18 18:55:05,044 INFO mapreduce.JobSubmitter: Executing with tokens: []
2023-02-18 18:55:05,224 INFO mapreduce.Job: The url to track the job: http://localhost:8080/
2023-02-18 18:55:05,224 INFO mapreduce.Job: Running job: job_local2103130267_0001
2023-02-18 18:55:05,229 INFO mapred.LocalJobRunner: OutputCommitter set in config null
2023-02-18 18:55:05,234 INFO output.FileOutputCommitter: File Output Committer Algorithm version is 2
2023-02-18 18:55:05,234 INFO output.FileOutputCommitter: FileOutputCommitter skip cleanup _temporary folders under output directory:false, ignore cleanup failures: false
2023-02-18 18:55:05,235 INFO mapred.LocalJobRunner: OutputCommitter is org.apache.hadoop.mapreduce.lib.output.FileOutputCommitter
2023-02-18 18:55:05,286 INFO mapred.LocalJobRunner: Waiting for map tasks
2023-02-18 18:55:05,287 INFO mapred.LocalJobRunner: Starting task: attempt_local2103130267_0001_m_000000_0
2023-02-18 18:55:05,314 INFO output.FileOutputCommitter: File Output Committer Algorithm version is 2
2023-02-18 18:55:05,314 INFO output.FileOutputCommitter: FileOutputCommitter skip cleanup _temporary folders under output directory:false, ignore cleanup failures: false
2023-02-18 18:55:05,337 INFO mapred.Task:  Using ResourceCalculatorProcessTree : [ ]
2023-02-18 18:55:05,342 INFO mapred.MapTask: Processing split: hdfs://localhost:9000/user/ubuntu/input/hadoop-policy.xml:0+11765
2023-02-18 18:55:05,398 INFO mapred.MapTask: (EQUATOR) 0 kvi 26214396(104857584)
2023-02-18 18:55:05,398 INFO mapred.MapTask: mapreduce.task.io.sort.mb: 100
2023-02-18 18:55:05,398 INFO mapred.MapTask: soft limit at 83886080
2023-02-18 18:55:05,398 INFO mapred.MapTask: bufstart = 0; bufvoid = 104857600
2023-02-18 18:55:05,398 INFO mapred.MapTask: kvstart = 26214396; length = 6553600
2023-02-18 18:55:05,402 INFO mapred.MapTask: Map output collector class = org.apache.hadoop.mapred.MapTask$MapOutputBuffer
2023-02-18 18:55:05,564 INFO mapred.LocalJobRunner:
2023-02-18 18:55:05,566 INFO mapred.MapTask: Starting flush of map output
2023-02-18 18:55:05,566 INFO mapred.MapTask: Spilling map output
2023-02-18 18:55:05,566 INFO mapred.MapTask: bufstart = 0; bufend = 17; bufvoid = 104857600
2023-02-18 18:55:05,566 INFO mapred.MapTask: kvstart = 26214396(104857584); kvend = 26214396(104857584); length = 1/6553600
2023-02-18 18:55:05,590 INFO mapred.MapTask: Finished spill 0
2023-02-18 18:55:05,601 INFO mapred.Task: Task:attempt_local2103130267_0001_m_000000_0 is done. And is in the process of committing
2023-02-18 18:55:05,603 INFO mapred.LocalJobRunner: map
2023-02-18 18:55:05,603 INFO mapred.Task: Task 'attempt_local2103130267_0001_m_000000_0' done.
2023-02-18 18:55:05,608 INFO mapred.Task: Final Counters for attempt_local2103130267_0001_m_000000_0: Counters: 24
	File System Counters
		FILE: Number of bytes read=282524
		FILE: Number of bytes written=917351
		FILE: Number of read operations=0
		FILE: Number of large read operations=0
		FILE: Number of write operations=0
		HDFS: Number of bytes read=11765
		HDFS: Number of bytes written=0
		HDFS: Number of read operations=5
		HDFS: Number of large read operations=0
		HDFS: Number of write operations=1
		HDFS: Number of bytes read erasure-coded=0
	Map-Reduce Framework
		Map input records=275
		Map output records=1
		Map output bytes=17
		Map output materialized bytes=25
		Input split bytes=122
		Combine input records=1
		Combine output records=1
		Spilled Records=1
		Failed Shuffles=0
		Merged Map outputs=0
		GC time elapsed (ms)=8
		Total committed heap usage (bytes)=280494080
	File Input Format Counters
		Bytes Read=11765
2023-02-18 18:55:05,608 INFO mapred.LocalJobRunner: Finishing task: attempt_local2103130267_0001_m_000000_0
2023-02-18 18:55:05,609 INFO mapred.LocalJobRunner: Starting task: attempt_local2103130267_0001_m_000001_0
2023-02-18 18:55:05,609 INFO output.FileOutputCommitter: File Output Committer Algorithm version is 2
2023-02-18 18:55:05,609 INFO output.FileOutputCommitter: FileOutputCommitter skip cleanup _temporary folders under output directory:false, ignore cleanup failures: false
2023-02-18 18:55:05,610 INFO mapred.Task:  Using ResourceCalculatorProcessTree : [ ]
2023-02-18 18:55:05,611 INFO mapred.MapTask: Processing split: hdfs://localhost:9000/user/ubuntu/input/capacity-scheduler.xml:0+9213
2023-02-18 18:55:05,620 INFO mapred.MapTask: (EQUATOR) 0 kvi 26214396(104857584)
2023-02-18 18:55:05,620 INFO mapred.MapTask: mapreduce.task.io.sort.mb: 100
2023-02-18 18:55:05,620 INFO mapred.MapTask: soft limit at 83886080
2023-02-18 18:55:05,620 INFO mapred.MapTask: bufstart = 0; bufvoid = 104857600
2023-02-18 18:55:05,620 INFO mapred.MapTask: kvstart = 26214396; length = 6553600
2023-02-18 18:55:05,621 INFO mapred.MapTask: Map output collector class = org.apache.hadoop.mapred.MapTask$MapOutputBuffer
2023-02-18 18:55:05,630 INFO mapred.LocalJobRunner:
2023-02-18 18:55:05,630 INFO mapred.MapTask: Starting flush of map output
2023-02-18 18:55:05,633 INFO mapred.Task: Task:attempt_local2103130267_0001_m_000001_0 is done. And is in the process of committing
2023-02-18 18:55:05,635 INFO mapred.LocalJobRunner: map
2023-02-18 18:55:05,635 INFO mapred.Task: Task 'attempt_local2103130267_0001_m_000001_0' done.
2023-02-18 18:55:05,635 INFO mapred.Task: Final Counters for attempt_local2103130267_0001_m_000001_0: Counters: 24
	File System Counters
		FILE: Number of bytes read=283750
		FILE: Number of bytes written=917389
		FILE: Number of read operations=0
		FILE: Number of large read operations=0
		FILE: Number of write operations=0
		HDFS: Number of bytes read=20978
		HDFS: Number of bytes written=0
		HDFS: Number of read operations=7
		HDFS: Number of large read operations=0
		HDFS: Number of write operations=1
		HDFS: Number of bytes read erasure-coded=0
	Map-Reduce Framework
		Map input records=244
		Map output records=0
		Map output bytes=0
		Map output materialized bytes=6
		Input split bytes=127
		Combine input records=0
		Combine output records=0
		Spilled Records=0
		Failed Shuffles=0
		Merged Map outputs=0
		GC time elapsed (ms)=0
		Total committed heap usage (bytes)=280494080
	File Input Format Counters
		Bytes Read=9213
2023-02-18 18:55:05,636 INFO mapred.LocalJobRunner: Finishing task: attempt_local2103130267_0001_m_000001_0
2023-02-18 18:55:05,636 INFO mapred.LocalJobRunner: Starting task: attempt_local2103130267_0001_m_000002_0
2023-02-18 18:55:05,638 INFO output.FileOutputCommitter: File Output Committer Algorithm version is 2
2023-02-18 18:55:05,638 INFO output.FileOutputCommitter: FileOutputCommitter skip cleanup _temporary folders under output directory:false, ignore cleanup failures: false
2023-02-18 18:55:05,639 INFO mapred.Task:  Using ResourceCalculatorProcessTree : [ ]
2023-02-18 18:55:05,643 INFO mapred.MapTask: Processing split: hdfs://localhost:9000/user/ubuntu/input/kms-acls.xml:0+3518
2023-02-18 18:55:05,674 INFO mapred.MapTask: (EQUATOR) 0 kvi 26214396(104857584)
2023-02-18 18:55:05,674 INFO mapred.MapTask: mapreduce.task.io.sort.mb: 100
2023-02-18 18:55:05,674 INFO mapred.MapTask: soft limit at 83886080
2023-02-18 18:55:05,674 INFO mapred.MapTask: bufstart = 0; bufvoid = 104857600
2023-02-18 18:55:05,674 INFO mapred.MapTask: kvstart = 26214396; length = 6553600
2023-02-18 18:55:05,676 INFO mapred.MapTask: Map output collector class = org.apache.hadoop.mapred.MapTask$MapOutputBuffer
2023-02-18 18:55:05,686 INFO mapred.LocalJobRunner:
2023-02-18 18:55:05,686 INFO mapred.MapTask: Starting flush of map output
2023-02-18 18:55:05,691 INFO mapred.Task: Task:attempt_local2103130267_0001_m_000002_0 is done. And is in the process of committing
2023-02-18 18:55:05,694 INFO mapred.LocalJobRunner: map
2023-02-18 18:55:05,694 INFO mapred.Task: Task 'attempt_local2103130267_0001_m_000002_0' done.
2023-02-18 18:55:05,695 INFO mapred.Task: Final Counters for attempt_local2103130267_0001_m_000002_0: Counters: 24
	File System Counters
		FILE: Number of bytes read=284976
		FILE: Number of bytes written=917427
		FILE: Number of read operations=0
		FILE: Number of large read operations=0
		FILE: Number of write operations=0
		HDFS: Number of bytes read=24496
		HDFS: Number of bytes written=0
		HDFS: Number of read operations=9
		HDFS: Number of large read operations=0
		HDFS: Number of write operations=1
		HDFS: Number of bytes read erasure-coded=0
	Map-Reduce Framework
		Map input records=135
		Map output records=0
		Map output bytes=0
		Map output materialized bytes=6
		Input split bytes=117
		Combine input records=0
		Combine output records=0
		Spilled Records=0
		Failed Shuffles=0
		Merged Map outputs=0
		GC time elapsed (ms)=0
		Total committed heap usage (bytes)=385875968
	File Input Format Counters
		Bytes Read=3518
2023-02-18 18:55:05,696 INFO mapred.LocalJobRunner: Finishing task: attempt_local2103130267_0001_m_000002_0
2023-02-18 18:55:05,697 INFO mapred.LocalJobRunner: Starting task: attempt_local2103130267_0001_m_000003_0
2023-02-18 18:55:05,698 INFO output.FileOutputCommitter: File Output Committer Algorithm version is 2
2023-02-18 18:55:05,698 INFO output.FileOutputCommitter: FileOutputCommitter skip cleanup _temporary folders under output directory:false, ignore cleanup failures: false
2023-02-18 18:55:05,699 INFO mapred.Task:  Using ResourceCalculatorProcessTree : [ ]
2023-02-18 18:55:05,700 INFO mapred.MapTask: Processing split: hdfs://localhost:9000/user/ubuntu/input/core-site.xml:0+884
2023-02-18 18:55:05,735 INFO mapred.MapTask: (EQUATOR) 0 kvi 26214396(104857584)
2023-02-18 18:55:05,735 INFO mapred.MapTask: mapreduce.task.io.sort.mb: 100
2023-02-18 18:55:05,735 INFO mapred.MapTask: soft limit at 83886080
2023-02-18 18:55:05,735 INFO mapred.MapTask: bufstart = 0; bufvoid = 104857600
2023-02-18 18:55:05,735 INFO mapred.MapTask: kvstart = 26214396; length = 6553600
2023-02-18 18:55:05,736 INFO mapred.MapTask: Map output collector class = org.apache.hadoop.mapred.MapTask$MapOutputBuffer
2023-02-18 18:55:05,743 INFO mapred.LocalJobRunner:
2023-02-18 18:55:05,745 INFO mapred.MapTask: Starting flush of map output
2023-02-18 18:55:05,749 INFO mapred.Task: Task:attempt_local2103130267_0001_m_000003_0 is done. And is in the process of committing
2023-02-18 18:55:05,753 INFO mapred.LocalJobRunner: map
2023-02-18 18:55:05,753 INFO mapred.Task: Task 'attempt_local2103130267_0001_m_000003_0' done.
2023-02-18 18:55:05,754 INFO mapred.Task: Final Counters for attempt_local2103130267_0001_m_000003_0: Counters: 24
	File System Counters
		FILE: Number of bytes read=286202
		FILE: Number of bytes written=917465
		FILE: Number of read operations=0
		FILE: Number of large read operations=0
		FILE: Number of write operations=0
		HDFS: Number of bytes read=25380
		HDFS: Number of bytes written=0
		HDFS: Number of read operations=11
		HDFS: Number of large read operations=0
		HDFS: Number of write operations=1
		HDFS: Number of bytes read erasure-coded=0
	Map-Reduce Framework
		Map input records=24
		Map output records=0
		Map output bytes=0
		Map output materialized bytes=6
		Input split bytes=118
		Combine input records=0
		Combine output records=0
		Spilled Records=0
		Failed Shuffles=0
		Merged Map outputs=0
		GC time elapsed (ms)=0
		Total committed heap usage (bytes)=491257856
	File Input Format Counters
		Bytes Read=884
2023-02-18 18:55:05,755 INFO mapred.LocalJobRunner: Finishing task: attempt_local2103130267_0001_m_000003_0
2023-02-18 18:55:05,756 INFO mapred.LocalJobRunner: Starting task: attempt_local2103130267_0001_m_000004_0
2023-02-18 18:55:05,758 INFO output.FileOutputCommitter: File Output Committer Algorithm version is 2
2023-02-18 18:55:05,758 INFO output.FileOutputCommitter: FileOutputCommitter skip cleanup _temporary folders under output directory:false, ignore cleanup failures: false
2023-02-18 18:55:05,758 INFO mapred.Task:  Using ResourceCalculatorProcessTree : [ ]
2023-02-18 18:55:05,759 INFO mapred.MapTask: Processing split: hdfs://localhost:9000/user/ubuntu/input/hdfs-site.xml:0+867
2023-02-18 18:55:05,793 INFO mapred.MapTask: (EQUATOR) 0 kvi 26214396(104857584)
2023-02-18 18:55:05,793 INFO mapred.MapTask: mapreduce.task.io.sort.mb: 100
2023-02-18 18:55:05,793 INFO mapred.MapTask: soft limit at 83886080
2023-02-18 18:55:05,793 INFO mapred.MapTask: bufstart = 0; bufvoid = 104857600
2023-02-18 18:55:05,793 INFO mapred.MapTask: kvstart = 26214396; length = 6553600
2023-02-18 18:55:05,796 INFO mapred.MapTask: Map output collector class = org.apache.hadoop.mapred.MapTask$MapOutputBuffer
2023-02-18 18:55:05,804 INFO mapred.LocalJobRunner:
2023-02-18 18:55:05,805 INFO mapred.MapTask: Starting flush of map output
2023-02-18 18:55:05,805 INFO mapred.MapTask: Spilling map output
2023-02-18 18:55:05,805 INFO mapred.MapTask: bufstart = 0; bufend = 24; bufvoid = 104857600
2023-02-18 18:55:05,805 INFO mapred.MapTask: kvstart = 26214396(104857584); kvend = 26214396(104857584); length = 1/6553600
2023-02-18 18:55:05,806 INFO mapred.MapTask: Finished spill 0
2023-02-18 18:55:05,807 INFO mapred.Task: Task:attempt_local2103130267_0001_m_000004_0 is done. And is in the process of committing
2023-02-18 18:55:05,810 INFO mapred.LocalJobRunner: map
2023-02-18 18:55:05,810 INFO mapred.Task: Task 'attempt_local2103130267_0001_m_000004_0' done.
2023-02-18 18:55:05,811 INFO mapred.Task: Final Counters for attempt_local2103130267_0001_m_000004_0: Counters: 24
	File System Counters
		FILE: Number of bytes read=287428
		FILE: Number of bytes written=917529
		FILE: Number of read operations=0
		FILE: Number of large read operations=0
		FILE: Number of write operations=0
		HDFS: Number of bytes read=26247
		HDFS: Number of bytes written=0
		HDFS: Number of read operations=13
		HDFS: Number of large read operations=0
		HDFS: Number of write operations=1
		HDFS: Number of bytes read erasure-coded=0
	Map-Reduce Framework
		Map input records=24
		Map output records=1
		Map output bytes=24
		Map output materialized bytes=32
		Input split bytes=118
		Combine input records=1
		Combine output records=1
		Spilled Records=1
		Failed Shuffles=0
		Merged Map outputs=0
		GC time elapsed (ms)=0
		Total committed heap usage (bytes)=596639744
	File Input Format Counters
		Bytes Read=867
2023-02-18 18:55:05,814 INFO mapred.LocalJobRunner: Finishing task: attempt_local2103130267_0001_m_000004_0
2023-02-18 18:55:05,814 INFO mapred.LocalJobRunner: Starting task: attempt_local2103130267_0001_m_000005_0
2023-02-18 18:55:05,814 INFO output.FileOutputCommitter: File Output Committer Algorithm version is 2
2023-02-18 18:55:05,815 INFO output.FileOutputCommitter: FileOutputCommitter skip cleanup _temporary folders under output directory:false, ignore cleanup failures: false
2023-02-18 18:55:05,815 INFO mapred.Task:  Using ResourceCalculatorProcessTree : [ ]
2023-02-18 18:55:05,816 INFO mapred.MapTask: Processing split: hdfs://localhost:9000/user/ubuntu/input/mapred-site.xml:0+758
2023-02-18 18:55:05,848 INFO mapred.MapTask: (EQUATOR) 0 kvi 26214396(104857584)
2023-02-18 18:55:05,849 INFO mapred.MapTask: mapreduce.task.io.sort.mb: 100
2023-02-18 18:55:05,849 INFO mapred.MapTask: soft limit at 83886080
2023-02-18 18:55:05,849 INFO mapred.MapTask: bufstart = 0; bufvoid = 104857600
2023-02-18 18:55:05,849 INFO mapred.MapTask: kvstart = 26214396; length = 6553600
2023-02-18 18:55:05,849 INFO mapred.MapTask: Map output collector class = org.apache.hadoop.mapred.MapTask$MapOutputBuffer
2023-02-18 18:55:05,856 INFO mapred.LocalJobRunner:
2023-02-18 18:55:05,857 INFO mapred.MapTask: Starting flush of map output
2023-02-18 18:55:05,859 INFO mapred.Task: Task:attempt_local2103130267_0001_m_000005_0 is done. And is in the process of committing
2023-02-18 18:55:05,861 INFO mapred.LocalJobRunner: map
2023-02-18 18:55:05,861 INFO mapred.Task: Task 'attempt_local2103130267_0001_m_000005_0' done.
2023-02-18 18:55:05,862 INFO mapred.Task: Final Counters for attempt_local2103130267_0001_m_000005_0: Counters: 24
	File System Counters
		FILE: Number of bytes read=288142
		FILE: Number of bytes written=917567
		FILE: Number of read operations=0
		FILE: Number of large read operations=0
		FILE: Number of write operations=0
		HDFS: Number of bytes read=27005
		HDFS: Number of bytes written=0
		HDFS: Number of read operations=15
		HDFS: Number of large read operations=0
		HDFS: Number of write operations=1
		HDFS: Number of bytes read erasure-coded=0
	Map-Reduce Framework
		Map input records=21
		Map output records=0
		Map output bytes=0
		Map output materialized bytes=6
		Input split bytes=120
		Combine input records=0
		Combine output records=0
		Spilled Records=0
		Failed Shuffles=0
		Merged Map outputs=0
		GC time elapsed (ms)=0
		Total committed heap usage (bytes)=702021632
	File Input Format Counters
		Bytes Read=758
2023-02-18 18:55:05,863 INFO mapred.LocalJobRunner: Finishing task: attempt_local2103130267_0001_m_000005_0
2023-02-18 18:55:05,863 INFO mapred.LocalJobRunner: Starting task: attempt_local2103130267_0001_m_000006_0
2023-02-18 18:55:05,869 INFO output.FileOutputCommitter: File Output Committer Algorithm version is 2
2023-02-18 18:55:05,869 INFO output.FileOutputCommitter: FileOutputCommitter skip cleanup _temporary folders under output directory:false, ignore cleanup failures: false
2023-02-18 18:55:05,870 INFO mapred.Task:  Using ResourceCalculatorProcessTree : [ ]
2023-02-18 18:55:05,871 INFO mapred.MapTask: Processing split: hdfs://localhost:9000/user/ubuntu/input/yarn-site.xml:0+690
2023-02-18 18:55:05,904 INFO mapred.MapTask: (EQUATOR) 0 kvi 26214396(104857584)
2023-02-18 18:55:05,904 INFO mapred.MapTask: mapreduce.task.io.sort.mb: 100
2023-02-18 18:55:05,904 INFO mapred.MapTask: soft limit at 83886080
2023-02-18 18:55:05,904 INFO mapred.MapTask: bufstart = 0; bufvoid = 104857600
2023-02-18 18:55:05,904 INFO mapred.MapTask: kvstart = 26214396; length = 6553600
2023-02-18 18:55:05,905 INFO mapred.MapTask: Map output collector class = org.apache.hadoop.mapred.MapTask$MapOutputBuffer
2023-02-18 18:55:05,913 INFO mapred.LocalJobRunner:
2023-02-18 18:55:05,913 INFO mapred.MapTask: Starting flush of map output
2023-02-18 18:55:05,915 INFO mapred.Task: Task:attempt_local2103130267_0001_m_000006_0 is done. And is in the process of committing
2023-02-18 18:55:05,919 INFO mapred.LocalJobRunner: map
2023-02-18 18:55:05,919 INFO mapred.Task: Task 'attempt_local2103130267_0001_m_000006_0' done.
2023-02-18 18:55:05,919 INFO mapred.Task: Final Counters for attempt_local2103130267_0001_m_000006_0: Counters: 24
	File System Counters
		FILE: Number of bytes read=288856
		FILE: Number of bytes written=917605
		FILE: Number of read operations=0
		FILE: Number of large read operations=0
		FILE: Number of write operations=0
		HDFS: Number of bytes read=27695
		HDFS: Number of bytes written=0
		HDFS: Number of read operations=17
		HDFS: Number of large read operations=0
		HDFS: Number of write operations=1
		HDFS: Number of bytes read erasure-coded=0
	Map-Reduce Framework
		Map input records=19
		Map output records=0
		Map output bytes=0
		Map output materialized bytes=6
		Input split bytes=118
		Combine input records=0
		Combine output records=0
		Spilled Records=0
		Failed Shuffles=0
		Merged Map outputs=0
		GC time elapsed (ms)=0
		Total committed heap usage (bytes)=807403520
	File Input Format Counters
		Bytes Read=690
2023-02-18 18:55:05,919 INFO mapred.LocalJobRunner: Finishing task: attempt_local2103130267_0001_m_000006_0
2023-02-18 18:55:05,919 INFO mapred.LocalJobRunner: Starting task: attempt_local2103130267_0001_m_000007_0
2023-02-18 18:55:05,920 INFO output.FileOutputCommitter: File Output Committer Algorithm version is 2
2023-02-18 18:55:05,920 INFO output.FileOutputCommitter: FileOutputCommitter skip cleanup _temporary folders under output directory:false, ignore cleanup failures: false
2023-02-18 18:55:05,920 INFO mapred.Task:  Using ResourceCalculatorProcessTree : [ ]
2023-02-18 18:55:05,921 INFO mapred.MapTask: Processing split: hdfs://localhost:9000/user/ubuntu/input/hdfs-rbf-site.xml:0+683
2023-02-18 18:55:05,951 INFO mapred.MapTask: (EQUATOR) 0 kvi 26214396(104857584)
2023-02-18 18:55:05,951 INFO mapred.MapTask: mapreduce.task.io.sort.mb: 100
2023-02-18 18:55:05,951 INFO mapred.MapTask: soft limit at 83886080
2023-02-18 18:55:05,951 INFO mapred.MapTask: bufstart = 0; bufvoid = 104857600
2023-02-18 18:55:05,951 INFO mapred.MapTask: kvstart = 26214396; length = 6553600
2023-02-18 18:55:05,951 INFO mapred.MapTask: Map output collector class = org.apache.hadoop.mapred.MapTask$MapOutputBuffer
2023-02-18 18:55:05,959 INFO mapred.LocalJobRunner:
2023-02-18 18:55:05,959 INFO mapred.MapTask: Starting flush of map output
2023-02-18 18:55:05,961 INFO mapred.Task: Task:attempt_local2103130267_0001_m_000007_0 is done. And is in the process of committing
2023-02-18 18:55:05,964 INFO mapred.LocalJobRunner: map
2023-02-18 18:55:05,964 INFO mapred.Task: Task 'attempt_local2103130267_0001_m_000007_0' done.
2023-02-18 18:55:05,965 INFO mapred.Task: Final Counters for attempt_local2103130267_0001_m_000007_0: Counters: 24
	File System Counters
		FILE: Number of bytes read=289570
		FILE: Number of bytes written=917643
		FILE: Number of read operations=0
		FILE: Number of large read operations=0
		FILE: Number of write operations=0
		HDFS: Number of bytes read=28378
		HDFS: Number of bytes written=0
		HDFS: Number of read operations=19
		HDFS: Number of large read operations=0
		HDFS: Number of write operations=1
		HDFS: Number of bytes read erasure-coded=0
	Map-Reduce Framework
		Map input records=20
		Map output records=0
		Map output bytes=0
		Map output materialized bytes=6
		Input split bytes=122
		Combine input records=0
		Combine output records=0
		Spilled Records=0
		Failed Shuffles=0
		Merged Map outputs=0
		GC time elapsed (ms)=16
		Total committed heap usage (bytes)=893911040
	File Input Format Counters
		Bytes Read=683
2023-02-18 18:55:05,967 INFO mapred.LocalJobRunner: Finishing task: attempt_local2103130267_0001_m_000007_0
2023-02-18 18:55:05,967 INFO mapred.LocalJobRunner: Starting task: attempt_local2103130267_0001_m_000008_0
2023-02-18 18:55:05,968 INFO output.FileOutputCommitter: File Output Committer Algorithm version is 2
2023-02-18 18:55:05,968 INFO output.FileOutputCommitter: FileOutputCommitter skip cleanup _temporary folders under output directory:false, ignore cleanup failures: false
2023-02-18 18:55:05,969 INFO mapred.Task:  Using ResourceCalculatorProcessTree : [ ]
2023-02-18 18:55:05,970 INFO mapred.MapTask: Processing split: hdfs://localhost:9000/user/ubuntu/input/kms-site.xml:0+682
2023-02-18 18:55:05,985 INFO mapred.MapTask: (EQUATOR) 0 kvi 26214396(104857584)
2023-02-18 18:55:05,985 INFO mapred.MapTask: mapreduce.task.io.sort.mb: 100
2023-02-18 18:55:05,985 INFO mapred.MapTask: soft limit at 83886080
2023-02-18 18:55:05,985 INFO mapred.MapTask: bufstart = 0; bufvoid = 104857600
2023-02-18 18:55:05,985 INFO mapred.MapTask: kvstart = 26214396; length = 6553600
2023-02-18 18:55:05,985 INFO mapred.MapTask: Map output collector class = org.apache.hadoop.mapred.MapTask$MapOutputBuffer
2023-02-18 18:55:05,991 INFO mapred.LocalJobRunner:
2023-02-18 18:55:05,991 INFO mapred.MapTask: Starting flush of map output
2023-02-18 18:55:05,993 INFO mapred.Task: Task:attempt_local2103130267_0001_m_000008_0 is done. And is in the process of committing
2023-02-18 18:55:05,995 INFO mapred.LocalJobRunner: map
2023-02-18 18:55:05,995 INFO mapred.Task: Task 'attempt_local2103130267_0001_m_000008_0' done.
2023-02-18 18:55:05,996 INFO mapred.Task: Final Counters for attempt_local2103130267_0001_m_000008_0: Counters: 24
	File System Counters
		FILE: Number of bytes read=290284
		FILE: Number of bytes written=917681
		FILE: Number of read operations=0
		FILE: Number of large read operations=0
		FILE: Number of write operations=0
		HDFS: Number of bytes read=29060
		HDFS: Number of bytes written=0
		HDFS: Number of read operations=21
		HDFS: Number of large read operations=0
		HDFS: Number of write operations=1
		HDFS: Number of bytes read erasure-coded=0
	Map-Reduce Framework
		Map input records=20
		Map output records=0
		Map output bytes=0
		Map output materialized bytes=6
		Input split bytes=117
		Combine input records=0
		Combine output records=0
		Spilled Records=0
		Failed Shuffles=0
		Merged Map outputs=0
		GC time elapsed (ms)=7
		Total committed heap usage (bytes)=893386752
	File Input Format Counters
		Bytes Read=682
2023-02-18 18:55:05,996 INFO mapred.LocalJobRunner: Finishing task: attempt_local2103130267_0001_m_000008_0
2023-02-18 18:55:05,996 INFO mapred.LocalJobRunner: Starting task: attempt_local2103130267_0001_m_000009_0
2023-02-18 18:55:05,998 INFO output.FileOutputCommitter: File Output Committer Algorithm version is 2
2023-02-18 18:55:05,998 INFO output.FileOutputCommitter: FileOutputCommitter skip cleanup _temporary folders under output directory:false, ignore cleanup failures: false
2023-02-18 18:55:05,998 INFO mapred.Task:  Using ResourceCalculatorProcessTree : [ ]
2023-02-18 18:55:05,999 INFO mapred.MapTask: Processing split: hdfs://localhost:9000/user/ubuntu/input/httpfs-site.xml:0+620
2023-02-18 18:55:06,018 INFO mapred.MapTask: (EQUATOR) 0 kvi 26214396(104857584)
2023-02-18 18:55:06,018 INFO mapred.MapTask: mapreduce.task.io.sort.mb: 100
2023-02-18 18:55:06,018 INFO mapred.MapTask: soft limit at 83886080
2023-02-18 18:55:06,018 INFO mapred.MapTask: bufstart = 0; bufvoid = 104857600
2023-02-18 18:55:06,018 INFO mapred.MapTask: kvstart = 26214396; length = 6553600
2023-02-18 18:55:06,019 INFO mapred.MapTask: Map output collector class = org.apache.hadoop.mapred.MapTask$MapOutputBuffer
2023-02-18 18:55:06,025 INFO mapred.LocalJobRunner:
2023-02-18 18:55:06,025 INFO mapred.MapTask: Starting flush of map output
2023-02-18 18:55:06,027 INFO mapred.Task: Task:attempt_local2103130267_0001_m_000009_0 is done. And is in the process of committing
2023-02-18 18:55:06,032 INFO mapred.LocalJobRunner: map
2023-02-18 18:55:06,032 INFO mapred.Task: Task 'attempt_local2103130267_0001_m_000009_0' done.
2023-02-18 18:55:06,033 INFO mapred.Task: Final Counters for attempt_local2103130267_0001_m_000009_0: Counters: 24
	File System Counters
		FILE: Number of bytes read=290486
		FILE: Number of bytes written=917719
		FILE: Number of read operations=0
		FILE: Number of large read operations=0
		FILE: Number of write operations=0
		HDFS: Number of bytes read=29680
		HDFS: Number of bytes written=0
		HDFS: Number of read operations=23
		HDFS: Number of large read operations=0
		HDFS: Number of write operations=1
		HDFS: Number of bytes read erasure-coded=0
	Map-Reduce Framework
		Map input records=17
		Map output records=0
		Map output bytes=0
		Map output materialized bytes=6
		Input split bytes=120
		Combine input records=0
		Combine output records=0
		Spilled Records=0
		Failed Shuffles=0
		Merged Map outputs=0
		GC time elapsed (ms)=7
		Total committed heap usage (bytes)=983040000
	File Input Format Counters
		Bytes Read=620
2023-02-18 18:55:06,033 INFO mapred.LocalJobRunner: Finishing task: attempt_local2103130267_0001_m_000009_0
2023-02-18 18:55:06,033 INFO mapred.LocalJobRunner: map task executor complete.
2023-02-18 18:55:06,037 INFO mapred.LocalJobRunner: Waiting for reduce tasks
2023-02-18 18:55:06,038 INFO mapred.LocalJobRunner: Starting task: attempt_local2103130267_0001_r_000000_0
2023-02-18 18:55:06,046 INFO output.FileOutputCommitter: File Output Committer Algorithm version is 2
2023-02-18 18:55:06,046 INFO output.FileOutputCommitter: FileOutputCommitter skip cleanup _temporary folders under output directory:false, ignore cleanup failures: false
2023-02-18 18:55:06,046 INFO mapred.Task:  Using ResourceCalculatorProcessTree : [ ]
2023-02-18 18:55:06,048 INFO mapred.ReduceTask: Using ShuffleConsumerPlugin: org.apache.hadoop.mapreduce.task.reduce.Shuffle@2ac7a770
2023-02-18 18:55:06,049 WARN impl.MetricsSystemImpl: JobTracker metrics system already initialized!
2023-02-18 18:55:06,064 INFO reduce.MergeManagerImpl: MergerManager: memoryLimit=688128000, maxSingleShuffleLimit=172032000, mergeThreshold=454164512, ioSortFactor=10, memToMemMergeOutputsThreshold=10
2023-02-18 18:55:06,067 INFO reduce.EventFetcher: attempt_local2103130267_0001_r_000000_0 Thread started: EventFetcher for fetching Map Completion Events
2023-02-18 18:55:06,095 INFO reduce.LocalFetcher: localfetcher#1 about to shuffle output of map attempt_local2103130267_0001_m_000004_0 decomp: 28 len: 32 to MEMORY
2023-02-18 18:55:06,099 INFO reduce.InMemoryMapOutput: Read 28 bytes from map-output for attempt_local2103130267_0001_m_000004_0
2023-02-18 18:55:06,100 INFO reduce.MergeManagerImpl: closeInMemoryFile -> map-output of size: 28, inMemoryMapOutputs.size() -> 1, commitMemory -> 0, usedMemory ->28
2023-02-18 18:55:06,101 INFO reduce.LocalFetcher: localfetcher#1 about to shuffle output of map attempt_local2103130267_0001_m_000001_0 decomp: 2 len: 6 to MEMORY
2023-02-18 18:55:06,111 INFO reduce.InMemoryMapOutput: Read 2 bytes from map-output for attempt_local2103130267_0001_m_000001_0
2023-02-18 18:55:06,111 INFO reduce.MergeManagerImpl: closeInMemoryFile -> map-output of size: 2, inMemoryMapOutputs.size() -> 2, commitMemory -> 28, usedMemory ->30
2023-02-18 18:55:06,112 INFO reduce.LocalFetcher: localfetcher#1 about to shuffle output of map attempt_local2103130267_0001_m_000007_0 decomp: 2 len: 6 to MEMORY
2023-02-18 18:55:06,113 INFO reduce.InMemoryMapOutput: Read 2 bytes from map-output for attempt_local2103130267_0001_m_000007_0
2023-02-18 18:55:06,113 INFO reduce.MergeManagerImpl: closeInMemoryFile -> map-output of size: 2, inMemoryMapOutputs.size() -> 3, commitMemory -> 30, usedMemory ->32
2023-02-18 18:55:06,114 INFO reduce.LocalFetcher: localfetcher#1 about to shuffle output of map attempt_local2103130267_0001_m_000008_0 decomp: 2 len: 6 to MEMORY
2023-02-18 18:55:06,116 INFO reduce.InMemoryMapOutput: Read 2 bytes from map-output for attempt_local2103130267_0001_m_000008_0
2023-02-18 18:55:06,116 INFO reduce.MergeManagerImpl: closeInMemoryFile -> map-output of size: 2, inMemoryMapOutputs.size() -> 4, commitMemory -> 32, usedMemory ->34
2023-02-18 18:55:06,117 INFO reduce.LocalFetcher: localfetcher#1 about to shuffle output of map attempt_local2103130267_0001_m_000005_0 decomp: 2 len: 6 to MEMORY
2023-02-18 18:55:06,117 INFO reduce.InMemoryMapOutput: Read 2 bytes from map-output for attempt_local2103130267_0001_m_000005_0
2023-02-18 18:55:06,117 INFO reduce.MergeManagerImpl: closeInMemoryFile -> map-output of size: 2, inMemoryMapOutputs.size() -> 5, commitMemory -> 34, usedMemory ->36
2023-02-18 18:55:06,118 INFO reduce.LocalFetcher: localfetcher#1 about to shuffle output of map attempt_local2103130267_0001_m_000009_0 decomp: 2 len: 6 to MEMORY
2023-02-18 18:55:06,119 INFO reduce.InMemoryMapOutput: Read 2 bytes from map-output for attempt_local2103130267_0001_m_000009_0
2023-02-18 18:55:06,119 INFO reduce.MergeManagerImpl: closeInMemoryFile -> map-output of size: 2, inMemoryMapOutputs.size() -> 6, commitMemory -> 36, usedMemory ->38
2023-02-18 18:55:06,120 INFO reduce.LocalFetcher: localfetcher#1 about to shuffle output of map attempt_local2103130267_0001_m_000002_0 decomp: 2 len: 6 to MEMORY
2023-02-18 18:55:06,120 INFO reduce.InMemoryMapOutput: Read 2 bytes from map-output for attempt_local2103130267_0001_m_000002_0
2023-02-18 18:55:06,120 INFO reduce.MergeManagerImpl: closeInMemoryFile -> map-output of size: 2, inMemoryMapOutputs.size() -> 7, commitMemory -> 38, usedMemory ->40
2023-02-18 18:55:06,121 INFO reduce.LocalFetcher: localfetcher#1 about to shuffle output of map attempt_local2103130267_0001_m_000000_0 decomp: 21 len: 25 to MEMORY
2023-02-18 18:55:06,122 INFO reduce.InMemoryMapOutput: Read 21 bytes from map-output for attempt_local2103130267_0001_m_000000_0
2023-02-18 18:55:06,122 INFO reduce.MergeManagerImpl: closeInMemoryFile -> map-output of size: 21, inMemoryMapOutputs.size() -> 8, commitMemory -> 40, usedMemory ->61
2023-02-18 18:55:06,123 INFO reduce.LocalFetcher: localfetcher#1 about to shuffle output of map attempt_local2103130267_0001_m_000006_0 decomp: 2 len: 6 to MEMORY
2023-02-18 18:55:06,126 INFO reduce.InMemoryMapOutput: Read 2 bytes from map-output for attempt_local2103130267_0001_m_000006_0
2023-02-18 18:55:06,126 INFO reduce.MergeManagerImpl: closeInMemoryFile -> map-output of size: 2, inMemoryMapOutputs.size() -> 9, commitMemory -> 61, usedMemory ->63
2023-02-18 18:55:06,127 INFO reduce.LocalFetcher: localfetcher#1 about to shuffle output of map attempt_local2103130267_0001_m_000003_0 decomp: 2 len: 6 to MEMORY
2023-02-18 18:55:06,127 INFO reduce.InMemoryMapOutput: Read 2 bytes from map-output for attempt_local2103130267_0001_m_000003_0
2023-02-18 18:55:06,127 INFO reduce.MergeManagerImpl: closeInMemoryFile -> map-output of size: 2, inMemoryMapOutputs.size() -> 10, commitMemory -> 63, usedMemory ->65
2023-02-18 18:55:06,127 INFO reduce.EventFetcher: EventFetcher is interrupted.. Returning
2023-02-18 18:55:06,128 INFO mapred.LocalJobRunner: 10 / 10 copied.
2023-02-18 18:55:06,128 INFO reduce.MergeManagerImpl: finalMerge called with 10 in-memory map-outputs and 0 on-disk map-outputs
2023-02-18 18:55:06,136 INFO mapred.Merger: Merging 10 sorted segments
2023-02-18 18:55:06,136 INFO mapred.Merger: Down to the last merge-pass, with 2 segments left of total size: 20 bytes
2023-02-18 18:55:06,137 INFO reduce.MergeManagerImpl: Merged 10 segments, 65 bytes to disk to satisfy reduce memory limit
2023-02-18 18:55:06,137 INFO reduce.MergeManagerImpl: Merging 1 files, 51 bytes from disk
2023-02-18 18:55:06,137 INFO reduce.MergeManagerImpl: Merging 0 segments, 0 bytes from memory into reduce
2023-02-18 18:55:06,137 INFO mapred.Merger: Merging 1 sorted segments
2023-02-18 18:55:06,138 INFO mapred.Merger: Down to the last merge-pass, with 1 segments left of total size: 29 bytes
2023-02-18 18:55:06,138 INFO mapred.LocalJobRunner: 10 / 10 copied.
2023-02-18 18:55:06,184 INFO Configuration.deprecation: mapred.skip.on is deprecated. Instead, use mapreduce.job.skiprecords
2023-02-18 18:55:06,227 INFO mapred.Task: Task:attempt_local2103130267_0001_r_000000_0 is done. And is in the process of committing
2023-02-18 18:55:06,228 INFO mapreduce.Job: Job job_local2103130267_0001 running in uber mode : false
2023-02-18 18:55:06,228 INFO mapreduce.Job:  map 100% reduce 0%
2023-02-18 18:55:06,229 INFO mapred.LocalJobRunner: 10 / 10 copied.
2023-02-18 18:55:06,230 INFO mapred.Task: Task attempt_local2103130267_0001_r_000000_0 is allowed to commit now
2023-02-18 18:55:06,246 INFO output.FileOutputCommitter: Saved output of task 'attempt_local2103130267_0001_r_000000_0' to hdfs://localhost:9000/user/ubuntu/grep-temp-1271758657
2023-02-18 18:55:06,246 INFO mapred.LocalJobRunner: reduce > reduce
2023-02-18 18:55:06,247 INFO mapred.Task: Task 'attempt_local2103130267_0001_r_000000_0' done.
2023-02-18 18:55:06,247 INFO mapred.Task: Final Counters for attempt_local2103130267_0001_r_000000_0: Counters: 30
	File System Counters
		FILE: Number of bytes read=290962
		FILE: Number of bytes written=917770
		FILE: Number of read operations=0
		FILE: Number of large read operations=0
		FILE: Number of write operations=0
		HDFS: Number of bytes read=29680
		HDFS: Number of bytes written=143
		HDFS: Number of read operations=28
		HDFS: Number of large read operations=0
		HDFS: Number of write operations=3
		HDFS: Number of bytes read erasure-coded=0
	Map-Reduce Framework
		Combine input records=0
		Combine output records=0
		Reduce input groups=2
		Reduce shuffle bytes=105
		Reduce input records=2
		Reduce output records=2
		Spilled Records=2
		Shuffled Maps =10
		Failed Shuffles=0
		Merged Map outputs=10
		GC time elapsed (ms)=0
		Total committed heap usage (bytes)=983040000
	Shuffle Errors
		BAD_ID=0
		CONNECTION=0
		IO_ERROR=0
		WRONG_LENGTH=0
		WRONG_MAP=0
		WRONG_REDUCE=0
	File Output Format Counters
		Bytes Written=143
2023-02-18 18:55:06,250 INFO mapred.LocalJobRunner: Finishing task: attempt_local2103130267_0001_r_000000_0
2023-02-18 18:55:06,250 INFO mapred.LocalJobRunner: reduce task executor complete.
2023-02-18 18:55:07,229 INFO mapreduce.Job:  map 100% reduce 100%
2023-02-18 18:55:07,229 INFO mapreduce.Job: Job job_local2103130267_0001 completed successfully
2023-02-18 18:55:07,242 INFO mapreduce.Job: Counters: 36
	File System Counters
		FILE: Number of bytes read=3163180
		FILE: Number of bytes written=10093146
		FILE: Number of read operations=0
		FILE: Number of large read operations=0
		FILE: Number of write operations=0
		HDFS: Number of bytes read=280364
		HDFS: Number of bytes written=143
		HDFS: Number of read operations=168
		HDFS: Number of large read operations=0
		HDFS: Number of write operations=13
		HDFS: Number of bytes read erasure-coded=0
	Map-Reduce Framework
		Map input records=799
		Map output records=2
		Map output bytes=41
		Map output materialized bytes=105
		Input split bytes=1199
		Combine input records=2
		Combine output records=2
		Reduce input groups=2
		Reduce shuffle bytes=105
		Reduce input records=2
		Reduce output records=2
		Spilled Records=4
		Shuffled Maps =10
		Failed Shuffles=0
		Merged Map outputs=10
		GC time elapsed (ms)=38
		Total committed heap usage (bytes)=7297564672
	Shuffle Errors
		BAD_ID=0
		CONNECTION=0
		IO_ERROR=0
		WRONG_LENGTH=0
		WRONG_MAP=0
		WRONG_REDUCE=0
	File Input Format Counters
		Bytes Read=29680
	File Output Format Counters
		Bytes Written=143
2023-02-18 18:55:07,257 WARN impl.MetricsSystemImpl: JobTracker metrics system already initialized!
2023-02-18 18:55:07,268 INFO input.FileInputFormat: Total input files to process : 1
2023-02-18 18:55:07,269 INFO mapreduce.JobSubmitter: number of splits:1
2023-02-18 18:55:07,289 INFO mapreduce.JobSubmitter: Submitting tokens for job: job_local392184778_0002
2023-02-18 18:55:07,289 INFO mapreduce.JobSubmitter: Executing with tokens: []
2023-02-18 18:55:07,363 INFO mapreduce.Job: The url to track the job: http://localhost:8080/
2023-02-18 18:55:07,363 INFO mapreduce.Job: Running job: job_local392184778_0002
2023-02-18 18:55:07,364 INFO mapred.LocalJobRunner: OutputCommitter set in config null
2023-02-18 18:55:07,364 INFO output.FileOutputCommitter: File Output Committer Algorithm version is 2
2023-02-18 18:55:07,364 INFO output.FileOutputCommitter: FileOutputCommitter skip cleanup _temporary folders under output directory:false, ignore cleanup failures: false
2023-02-18 18:55:07,364 INFO mapred.LocalJobRunner: OutputCommitter is org.apache.hadoop.mapreduce.lib.output.FileOutputCommitter
2023-02-18 18:55:07,374 INFO mapred.LocalJobRunner: Waiting for map tasks
2023-02-18 18:55:07,374 INFO mapred.LocalJobRunner: Starting task: attempt_local392184778_0002_m_000000_0
2023-02-18 18:55:07,378 INFO output.FileOutputCommitter: File Output Committer Algorithm version is 2
2023-02-18 18:55:07,378 INFO output.FileOutputCommitter: FileOutputCommitter skip cleanup _temporary folders under output directory:false, ignore cleanup failures: false
2023-02-18 18:55:07,378 INFO mapred.Task:  Using ResourceCalculatorProcessTree : [ ]
2023-02-18 18:55:07,379 INFO mapred.MapTask: Processing split: hdfs://localhost:9000/user/ubuntu/grep-temp-1271758657/part-r-00000:0+143
2023-02-18 18:55:07,405 INFO mapred.MapTask: (EQUATOR) 0 kvi 26214396(104857584)
2023-02-18 18:55:07,405 INFO mapred.MapTask: mapreduce.task.io.sort.mb: 100
2023-02-18 18:55:07,405 INFO mapred.MapTask: soft limit at 83886080
2023-02-18 18:55:07,405 INFO mapred.MapTask: bufstart = 0; bufvoid = 104857600
2023-02-18 18:55:07,405 INFO mapred.MapTask: kvstart = 26214396; length = 6553600
2023-02-18 18:55:07,410 INFO mapred.MapTask: Map output collector class = org.apache.hadoop.mapred.MapTask$MapOutputBuffer
2023-02-18 18:55:07,422 INFO mapred.LocalJobRunner:
2023-02-18 18:55:07,423 INFO mapred.MapTask: Starting flush of map output
2023-02-18 18:55:07,423 INFO mapred.MapTask: Spilling map output
2023-02-18 18:55:07,423 INFO mapred.MapTask: bufstart = 0; bufend = 41; bufvoid = 104857600
2023-02-18 18:55:07,423 INFO mapred.MapTask: kvstart = 26214396(104857584); kvend = 26214392(104857568); length = 5/6553600
2023-02-18 18:55:07,423 INFO mapred.MapTask: Finished spill 0
2023-02-18 18:55:07,425 INFO mapred.Task: Task:attempt_local392184778_0002_m_000000_0 is done. And is in the process of committing
2023-02-18 18:55:07,427 INFO mapred.LocalJobRunner: map
2023-02-18 18:55:07,427 INFO mapred.Task: Task 'attempt_local392184778_0002_m_000000_0' done.
2023-02-18 18:55:07,427 INFO mapred.Task: Final Counters for attempt_local392184778_0002_m_000000_0: Counters: 23
	File System Counters
		FILE: Number of bytes read=572150
		FILE: Number of bytes written=1828911
		FILE: Number of read operations=0
		FILE: Number of large read operations=0
		FILE: Number of write operations=0
		HDFS: Number of bytes read=29823
		HDFS: Number of bytes written=143
		HDFS: Number of read operations=34
		HDFS: Number of large read operations=0
		HDFS: Number of write operations=6
		HDFS: Number of bytes read erasure-coded=0
	Map-Reduce Framework
		Map input records=2
		Map output records=2
		Map output bytes=41
		Map output materialized bytes=51
		Input split bytes=132
		Combine input records=0
		Spilled Records=2
		Failed Shuffles=0
		Merged Map outputs=0
		GC time elapsed (ms)=12
		Total committed heap usage (bytes)=983564288
	File Input Format Counters
		Bytes Read=143
2023-02-18 18:55:07,427 INFO mapred.LocalJobRunner: Finishing task: attempt_local392184778_0002_m_000000_0
2023-02-18 18:55:07,427 INFO mapred.LocalJobRunner: map task executor complete.
2023-02-18 18:55:07,431 INFO mapred.LocalJobRunner: Waiting for reduce tasks
2023-02-18 18:55:07,431 INFO mapred.LocalJobRunner: Starting task: attempt_local392184778_0002_r_000000_0
2023-02-18 18:55:07,432 INFO output.FileOutputCommitter: File Output Committer Algorithm version is 2
2023-02-18 18:55:07,432 INFO output.FileOutputCommitter: FileOutputCommitter skip cleanup _temporary folders under output directory:false, ignore cleanup failures: false
2023-02-18 18:55:07,432 INFO mapred.Task:  Using ResourceCalculatorProcessTree : [ ]
2023-02-18 18:55:07,432 INFO mapred.ReduceTask: Using ShuffleConsumerPlugin: org.apache.hadoop.mapreduce.task.reduce.Shuffle@6411759f
2023-02-18 18:55:07,433 WARN impl.MetricsSystemImpl: JobTracker metrics system already initialized!
2023-02-18 18:55:07,434 INFO reduce.MergeManagerImpl: MergerManager: memoryLimit=688494976, maxSingleShuffleLimit=172123744, mergeThreshold=454406688, ioSortFactor=10, memToMemMergeOutputsThreshold=10
2023-02-18 18:55:07,434 INFO reduce.EventFetcher: attempt_local392184778_0002_r_000000_0 Thread started: EventFetcher for fetching Map Completion Events
2023-02-18 18:55:07,435 INFO reduce.LocalFetcher: localfetcher#2 about to shuffle output of map attempt_local392184778_0002_m_000000_0 decomp: 47 len: 51 to MEMORY
2023-02-18 18:55:07,436 INFO reduce.InMemoryMapOutput: Read 47 bytes from map-output for attempt_local392184778_0002_m_000000_0
2023-02-18 18:55:07,436 INFO reduce.MergeManagerImpl: closeInMemoryFile -> map-output of size: 47, inMemoryMapOutputs.size() -> 1, commitMemory -> 0, usedMemory ->47
2023-02-18 18:55:07,436 INFO reduce.EventFetcher: EventFetcher is interrupted.. Returning
2023-02-18 18:55:07,437 INFO mapred.LocalJobRunner: 1 / 1 copied.
2023-02-18 18:55:07,437 INFO reduce.MergeManagerImpl: finalMerge called with 1 in-memory map-outputs and 0 on-disk map-outputs
2023-02-18 18:55:07,437 INFO mapred.Merger: Merging 1 sorted segments
2023-02-18 18:55:07,437 INFO mapred.Merger: Down to the last merge-pass, with 1 segments left of total size: 37 bytes
2023-02-18 18:55:07,440 INFO reduce.MergeManagerImpl: Merged 1 segments, 47 bytes to disk to satisfy reduce memory limit
2023-02-18 18:55:07,440 INFO reduce.MergeManagerImpl: Merging 1 files, 51 bytes from disk
2023-02-18 18:55:07,440 INFO reduce.MergeManagerImpl: Merging 0 segments, 0 bytes from memory into reduce
2023-02-18 18:55:07,440 INFO mapred.Merger: Merging 1 sorted segments
2023-02-18 18:55:07,440 INFO mapred.Merger: Down to the last merge-pass, with 1 segments left of total size: 37 bytes
2023-02-18 18:55:07,440 INFO mapred.LocalJobRunner: 1 / 1 copied.
2023-02-18 18:55:07,467 INFO mapred.Task: Task:attempt_local392184778_0002_r_000000_0 is done. And is in the process of committing
2023-02-18 18:55:07,469 INFO mapred.LocalJobRunner: 1 / 1 copied.
2023-02-18 18:55:07,469 INFO mapred.Task: Task attempt_local392184778_0002_r_000000_0 is allowed to commit now
2023-02-18 18:55:07,482 INFO output.FileOutputCommitter: Saved output of task 'attempt_local392184778_0002_r_000000_0' to hdfs://localhost:9000/user/ubuntu/output
2023-02-18 18:55:07,482 INFO mapred.LocalJobRunner: reduce > reduce
2023-02-18 18:55:07,482 INFO mapred.Task: Task 'attempt_local392184778_0002_r_000000_0' done.
2023-02-18 18:55:07,483 INFO mapred.Task: Final Counters for attempt_local392184778_0002_r_000000_0: Counters: 30
	File System Counters
		FILE: Number of bytes read=572284
		FILE: Number of bytes written=1828962
		FILE: Number of read operations=0
		FILE: Number of large read operations=0
		FILE: Number of write operations=0
		HDFS: Number of bytes read=29823
		HDFS: Number of bytes written=172
		HDFS: Number of read operations=39
		HDFS: Number of large read operations=0
		HDFS: Number of write operations=8
		HDFS: Number of bytes read erasure-coded=0
	Map-Reduce Framework
		Combine input records=0
		Combine output records=0
		Reduce input groups=1
		Reduce shuffle bytes=51
		Reduce input records=2
		Reduce output records=2
		Spilled Records=2
		Shuffled Maps =1
		Failed Shuffles=0
		Merged Map outputs=1
		GC time elapsed (ms)=0
		Total committed heap usage (bytes)=983564288
	Shuffle Errors
		BAD_ID=0
		CONNECTION=0
		IO_ERROR=0
		WRONG_LENGTH=0
		WRONG_MAP=0
		WRONG_REDUCE=0
	File Output Format Counters
		Bytes Written=29
2023-02-18 18:55:07,483 INFO mapred.LocalJobRunner: Finishing task: attempt_local392184778_0002_r_000000_0
2023-02-18 18:55:07,483 INFO mapred.LocalJobRunner: reduce task executor complete.
2023-02-18 18:55:08,364 INFO mapreduce.Job: Job job_local392184778_0002 running in uber mode : false
2023-02-18 18:55:08,364 INFO mapreduce.Job:  map 100% reduce 100%
2023-02-18 18:55:08,364 INFO mapreduce.Job: Job job_local392184778_0002 completed successfully
2023-02-18 18:55:08,367 INFO mapreduce.Job: Counters: 36
	File System Counters
		FILE: Number of bytes read=1144434
		FILE: Number of bytes written=3657873
		FILE: Number of read operations=0
		FILE: Number of large read operations=0
		FILE: Number of write operations=0
		HDFS: Number of bytes read=59646
		HDFS: Number of bytes written=315
		HDFS: Number of read operations=73
		HDFS: Number of large read operations=0
		HDFS: Number of write operations=14
		HDFS: Number of bytes read erasure-coded=0
	Map-Reduce Framework
		Map input records=2
		Map output records=2
		Map output bytes=41
		Map output materialized bytes=51
		Input split bytes=132
		Combine input records=0
		Combine output records=0
		Reduce input groups=1
		Reduce shuffle bytes=51
		Reduce input records=2
		Reduce output records=2
		Spilled Records=4
		Shuffled Maps =1
		Failed Shuffles=0
		Merged Map outputs=1
		GC time elapsed (ms)=12
		Total committed heap usage (bytes)=1967128576
	Shuffle Errors
		BAD_ID=0
		CONNECTION=0
		IO_ERROR=0
		WRONG_LENGTH=0
		WRONG_MAP=0
		WRONG_REDUCE=0
	File Input Format Counters
		Bytes Read=143
	File Output Format Counters
		Bytes Written=29
