2023-02-16 23:51:26,031 INFO org.apache.hadoop.hdfs.server.namenode.SecondaryNameNode: STARTUP_MSG:
/************************************************************
STARTUP_MSG: Starting SecondaryNameNode
STARTUP_MSG:   host = localhost.localdomain/127.0.1.1
STARTUP_MSG:   args = []
STARTUP_MSG:   version = 3.3.1
STARTUP_MSG:   classpath = /home/ubuntu/hadoop-3.3.1/etc/hadoop:/home/ubuntu/hadoop-3.3.1/share/hadoop/common/lib/kerb-core-1.0.1.jar:...
STARTUP_MSG:   build = https://github.com/apache/hadoop.git -r a3b9c37a397ad4188041dd80621bdeefc46885f2; compiled by 'ubuntu' on 2021-06-15T05:13Z
STARTUP_MSG:   java = 1.8.0_352
************************************************************/
2023-02-16 23:51:26,039 INFO org.apache.hadoop.hdfs.server.namenode.SecondaryNameNode: registered UNIX signal handlers for [TERM, HUP, INT]
2023-02-16 23:51:26,376 INFO org.apache.hadoop.metrics2.impl.MetricsConfig: Loaded properties from hadoop-metrics2.properties
2023-02-16 23:51:26,451 INFO org.apache.hadoop.metrics2.impl.MetricsSystemImpl: Scheduled Metric snapshot period at 10 second(s).
2023-02-16 23:51:26,451 INFO org.apache.hadoop.metrics2.impl.MetricsSystemImpl: SecondaryNameNode metrics system started
2023-02-16 23:51:26,867 INFO org.apache.hadoop.hdfs.server.namenode.FSEditLog: Edit logging is async:true
2023-02-16 23:51:26,886 INFO org.apache.hadoop.hdfs.server.common.Storage: Lock on /tmp/hadoop-ubuntu/dfs/namesecondary/in_use.lock acquired by nodename 4189477@localhost.localdomain
2023-02-16 23:51:26,909 INFO org.apache.hadoop.hdfs.server.namenode.FSNamesystem: KeyProvider: null
2023-02-16 23:51:26,911 INFO org.apache.hadoop.hdfs.server.namenode.FSNamesystem: fsLock is fair: true
2023-02-16 23:51:26,911 INFO org.apache.hadoop.hdfs.server.namenode.FSNamesystem: Detailed lock hold time metrics enabled: false
2023-02-16 23:51:26,911 INFO org.apache.hadoop.hdfs.server.namenode.FSNamesystem: fsOwner                = ubuntu (auth:SIMPLE)
2023-02-16 23:51:26,911 INFO org.apache.hadoop.hdfs.server.namenode.FSNamesystem: supergroup             = supergroup
2023-02-16 23:51:26,911 INFO org.apache.hadoop.hdfs.server.namenode.FSNamesystem: isPermissionEnabled    = true
2023-02-16 23:51:26,911 INFO org.apache.hadoop.hdfs.server.namenode.FSNamesystem: isStoragePolicyEnabled = true
2023-02-16 23:51:26,911 INFO org.apache.hadoop.hdfs.server.namenode.FSNamesystem: HA Enabled: false
2023-02-16 23:51:26,938 INFO org.apache.hadoop.hdfs.server.common.Util: dfs.datanode.fileio.profiling.sampling.percentage set to 0. Disabling file IO profiling
2023-02-16 23:51:26,947 INFO org.apache.hadoop.hdfs.server.blockmanagement.DatanodeManager: dfs.block.invalidate.limit: configured=1000, counted=60, effected=1000
2023-02-16 23:51:26,947 INFO org.apache.hadoop.hdfs.server.blockmanagement.DatanodeManager: dfs.namenode.datanode.registration.ip-hostname-check=true
2023-02-16 23:51:26,949 INFO org.apache.hadoop.hdfs.server.blockmanagement.BlockManager: dfs.namenode.startup.delay.block.deletion.sec is set to 000:00:00:00.000
2023-02-16 23:51:26,949 INFO org.apache.hadoop.hdfs.server.blockmanagement.BlockManager: The block deletion will start around 2023 Feb 16 23:51:26
2023-02-16 23:51:26,951 INFO org.apache.hadoop.util.GSet: Computing capacity for map BlocksMap
2023-02-16 23:51:26,951 INFO org.apache.hadoop.util.GSet: VM type       = 64-bit
2023-02-16 23:51:26,951 INFO org.apache.hadoop.util.GSet: 2.0% max memory 875 MB = 17.5 MB
2023-02-16 23:51:26,952 INFO org.apache.hadoop.util.GSet: capacity      = 2^21 = 2097152 entries
2023-02-16 23:51:26,957 INFO org.apache.hadoop.hdfs.server.blockmanagement.BlockManager: Storage policy satisfier is disabled
2023-02-16 23:51:26,957 INFO org.apache.hadoop.hdfs.server.blockmanagement.BlockManager: dfs.block.access.token.enable = false
2023-02-16 23:51:26,963 INFO org.apache.hadoop.hdfs.server.blockmanagement.BlockManagerSafeMode: dfs.namenode.safemode.threshold-pct = 0.999
2023-02-16 23:51:26,963 INFO org.apache.hadoop.hdfs.server.blockmanagement.BlockManagerSafeMode: dfs.namenode.safemode.min.datanodes = 0
2023-02-16 23:51:26,963 INFO org.apache.hadoop.hdfs.server.blockmanagement.BlockManagerSafeMode: dfs.namenode.safemode.extension = 30000
2023-02-16 23:51:26,964 INFO org.apache.hadoop.hdfs.server.blockmanagement.BlockManager: defaultReplication         = 1
2023-02-16 23:51:26,964 INFO org.apache.hadoop.hdfs.server.blockmanagement.BlockManager: maxReplication             = 512
2023-02-16 23:51:26,964 INFO org.apache.hadoop.hdfs.server.blockmanagement.BlockManager: minReplication             = 1
2023-02-16 23:51:26,964 INFO org.apache.hadoop.hdfs.server.blockmanagement.BlockManager: maxReplicationStreams      = 2
2023-02-16 23:51:26,964 INFO org.apache.hadoop.hdfs.server.blockmanagement.BlockManager: redundancyRecheckInterval  = 3000ms
2023-02-16 23:51:26,964 INFO org.apache.hadoop.hdfs.server.blockmanagement.BlockManager: encryptDataTransfer        = false
2023-02-16 23:51:26,964 INFO org.apache.hadoop.hdfs.server.blockmanagement.BlockManager: maxNumBlocksToLog          = 1000
2023-02-16 23:51:26,986 INFO org.apache.hadoop.hdfs.server.namenode.FSDirectory: GLOBAL serial map: bits=29 maxEntries=536870911
2023-02-16 23:51:26,986 INFO org.apache.hadoop.hdfs.server.namenode.FSDirectory: USER serial map: bits=24 maxEntries=16777215
2023-02-16 23:51:26,986 INFO org.apache.hadoop.hdfs.server.namenode.FSDirectory: GROUP serial map: bits=24 maxEntries=16777215
2023-02-16 23:51:26,986 INFO org.apache.hadoop.hdfs.server.namenode.FSDirectory: XATTR serial map: bits=24 maxEntries=16777215
2023-02-16 23:51:27,060 INFO org.apache.hadoop.util.GSet: Computing capacity for map INodeMap
2023-02-16 23:51:27,060 INFO org.apache.hadoop.util.GSet: VM type       = 64-bit
2023-02-16 23:51:27,060 INFO org.apache.hadoop.util.GSet: 1.0% max memory 875 MB = 8.8 MB
2023-02-16 23:51:27,060 INFO org.apache.hadoop.util.GSet: capacity      = 2^20 = 1048576 entries
2023-02-16 23:51:27,060 INFO org.apache.hadoop.hdfs.server.namenode.FSDirectory: ACLs enabled? true
2023-02-16 23:51:27,063 INFO org.apache.hadoop.hdfs.server.namenode.FSDirectory: POSIX ACL inheritance enabled? true
2023-02-16 23:51:27,063 INFO org.apache.hadoop.hdfs.server.namenode.FSDirectory: XAttrs enabled? true
2023-02-16 23:51:27,064 INFO org.apache.hadoop.hdfs.server.namenode.NameNode: Caching file names occurring more than 10 times
2023-02-16 23:51:27,073 INFO org.apache.hadoop.hdfs.server.namenode.snapshot.SnapshotManager: Loaded config captureOpenFiles: false, skipCaptureAccessTimeOnlyChange: false, snapshotDiffAllowSnapRootDescendant: true, maxSnapshotLimit: 65536
2023-02-16 23:51:27,075 INFO org.apache.hadoop.hdfs.server.namenode.snapshot.SnapshotManager: SkipList is disabled
2023-02-16 23:51:27,079 INFO org.apache.hadoop.util.GSet: Computing capacity for map cachedBlocks
2023-02-16 23:51:27,079 INFO org.apache.hadoop.util.GSet: VM type       = 64-bit
2023-02-16 23:51:27,079 INFO org.apache.hadoop.util.GSet: 0.25% max memory 875 MB = 2.2 MB
2023-02-16 23:51:27,079 INFO org.apache.hadoop.util.GSet: capacity      = 2^18 = 262144 entries
2023-02-16 23:51:27,087 INFO org.apache.hadoop.hdfs.server.namenode.top.metrics.TopMetrics: NNTop conf: dfs.namenode.top.window.num.buckets = 10
2023-02-16 23:51:27,087 INFO org.apache.hadoop.hdfs.server.namenode.top.metrics.TopMetrics: NNTop conf: dfs.namenode.top.num.users = 10
2023-02-16 23:51:27,087 INFO org.apache.hadoop.hdfs.server.namenode.top.metrics.TopMetrics: NNTop conf: dfs.namenode.top.windows.minutes = 1,5,25
2023-02-16 23:51:27,103 INFO org.apache.hadoop.hdfs.server.namenode.SecondaryNameNode: Checkpoint Period   :3600 secs (60 min)
2023-02-16 23:51:27,103 INFO org.apache.hadoop.hdfs.server.namenode.SecondaryNameNode: Log Size Trigger    :1000000 txns
2023-02-16 23:51:27,105 INFO org.apache.hadoop.hdfs.DFSUtil: Filter initializers set : org.apache.hadoop.http.lib.StaticUserWebFilter,org.apache.hadoop.hdfs.web.AuthFilterInitializer
2023-02-16 23:51:27,113 INFO org.apache.hadoop.hdfs.DFSUtil: Starting Web-server for secondary at: http://0.0.0.0:9868
2023-02-16 23:51:27,132 INFO org.eclipse.jetty.util.log: Logging initialized @1583ms to org.eclipse.jetty.util.log.Slf4jLog
2023-02-16 23:51:27,233 INFO org.apache.hadoop.security.authentication.server.AuthenticationFilter: Unable to initialize FileSignerSecretProvider, falling back to use random secrets.
2023-02-16 23:51:27,237 INFO org.apache.hadoop.http.HttpRequestLog: Http request log for http.requests.secondary is not defined
2023-02-16 23:51:27,243 INFO org.apache.hadoop.http.HttpServer2: Added global filter 'safety' (class=org.apache.hadoop.http.HttpServer2$QuotingInputFilter)
2023-02-16 23:51:27,245 INFO org.apache.hadoop.http.HttpServer2: Added filter static_user_filter (class=org.apache.hadoop.http.lib.StaticUserWebFilter$StaticUserFilter) to context secondary
2023-02-16 23:51:27,245 INFO org.apache.hadoop.http.HttpServer2: Added filter static_user_filter (class=org.apache.hadoop.http.lib.StaticUserWebFilter$StaticUserFilter) to context logs
2023-02-16 23:51:27,245 INFO org.apache.hadoop.http.HttpServer2: Added filter static_user_filter (class=org.apache.hadoop.http.lib.StaticUserWebFilter$StaticUserFilter) to context static
2023-02-16 23:51:27,248 INFO org.apache.hadoop.http.HttpServer2: Added filter AuthFilter (class=org.apache.hadoop.hdfs.web.AuthFilter) to context secondary
2023-02-16 23:51:27,248 INFO org.apache.hadoop.http.HttpServer2: Added filter AuthFilter (class=org.apache.hadoop.hdfs.web.AuthFilter) to context logs
2023-02-16 23:51:27,248 INFO org.apache.hadoop.http.HttpServer2: Added filter AuthFilter (class=org.apache.hadoop.hdfs.web.AuthFilter) to context static
2023-02-16 23:51:27,275 INFO org.apache.hadoop.http.HttpServer2: Jetty bound to port 9868
2023-02-16 23:51:27,276 INFO org.eclipse.jetty.server.Server: jetty-9.4.40.v20210413; built: 2021-04-13T20:42:42.668Z; git: b881a572662e1943a14ae12e7e1207989f218b74; jvm 1.8.0_352-8u352-ga-1~20.04-b08
2023-02-16 23:51:27,297 INFO org.eclipse.jetty.server.session: DefaultSessionIdManager workerName=node0
2023-02-16 23:51:27,297 INFO org.eclipse.jetty.server.session: No SessionScavenger set, using defaults
2023-02-16 23:51:27,299 INFO org.eclipse.jetty.server.session: node0 Scavenging every 660000ms
2023-02-16 23:51:27,314 INFO org.apache.hadoop.security.authentication.server.AuthenticationFilter: Unable to initialize FileSignerSecretProvider, falling back to use random secrets.
2023-02-16 23:51:27,315 INFO org.eclipse.jetty.server.handler.ContextHandler: Started o.e.j.s.ServletContextHandler@13d73fa{logs,/logs,file:///home/ubuntu/hadoop-3.3.1/logs/,AVAILABLE}
2023-02-16 23:51:27,316 INFO org.eclipse.jetty.server.handler.ContextHandler: Started o.e.j.s.ServletContextHandler@1e0f9063{static,/static,file:///home/ubuntu/hadoop-3.3.1/share/hadoop/hdfs/webapps/static/,AVAILABLE}
2023-02-16 23:51:27,374 INFO org.eclipse.jetty.server.handler.ContextHandler: Started o.e.j.w.WebAppContext@4212a0c8{secondary,/,file:///home/ubuntu/hadoop-3.3.1/share/hadoop/hdfs/webapps/secondary/,AVAILABLE}{file:/home/ubuntu/hadoop-3.3.1/share/hadoop/hdfs/webapps/secondary}
2023-02-16 23:51:27,381 INFO org.eclipse.jetty.server.AbstractConnector: Started ServerConnector@5aac4250{HTTP/1.1, (http/1.1)}{0.0.0.0:9868}
2023-02-16 23:51:27,381 INFO org.eclipse.jetty.server.Server: Started @1833ms
2023-02-16 23:51:27,381 INFO org.apache.hadoop.hdfs.server.namenode.SecondaryNameNode: Web server init done
2023-02-16 23:52:27,584 INFO org.apache.hadoop.hdfs.server.namenode.SecondaryNameNode: Image has changed. Downloading updated image from NN.
2023-02-16 23:52:27,589 INFO org.apache.hadoop.hdfs.server.namenode.TransferFsImage: Opening connection to http://localhost:9870/imagetransfer?getimage=1&txid=0&storageInfo=-66:580323512:1676561229854:CID-f00aa786-3bff-443d-90de-a79038773345&bootstrapstandby=false
2023-02-16 23:52:27,670 INFO org.apache.hadoop.hdfs.server.common.Util: Combined time for file download and fsync to all disks took 0.01s. The file download took 0.00s at 0.00 KB/s. Synchronous (fsync) write to disk of /tmp/hadoop-ubuntu/dfs/namesecondary/current/fsimage.ckpt_0000000000000000000 took 0.00s.
2023-02-16 23:52:27,670 INFO org.apache.hadoop.hdfs.server.namenode.TransferFsImage: Downloaded file fsimage.ckpt_0000000000000000000 size 401 bytes.
2023-02-16 23:52:27,683 INFO org.apache.hadoop.hdfs.server.namenode.TransferFsImage: Opening connection to http://localhost:9870/imagetransfer?getedit=1&startTxId=1&endTxId=2&storageInfo=-66:580323512:1676561229854:CID-f00aa786-3bff-443d-90de-a79038773345
2023-02-16 23:52:27,701 INFO org.apache.hadoop.hdfs.server.common.Util: Combined time for file download and fsync to all disks took 0.00s. The file download took 0.00s at 0.00 KB/s. Synchronous (fsync) write to disk of /tmp/hadoop-ubuntu/dfs/namesecondary/current/edits_tmp_0000000000000000001-0000000000000000002_0000000030856302698 took 0.00s.
2023-02-16 23:52:27,701 INFO org.apache.hadoop.hdfs.server.namenode.TransferFsImage: Downloaded file edits_tmp_0000000000000000001-0000000000000000002_0000000030856302698 size 0 bytes.
2023-02-16 23:52:27,781 INFO org.apache.hadoop.hdfs.server.namenode.FSImageFormatPBINode: Loading 1 INodes.
2023-02-16 23:52:27,789 INFO org.apache.hadoop.hdfs.server.namenode.FSImageFormatPBINode: Successfully loaded 1 inodes
2023-02-16 23:52:27,795 INFO org.apache.hadoop.hdfs.server.namenode.FSImageFormatPBINode: Completed update blocks map and name cache, total waiting duration 0ms.
2023-02-16 23:52:27,800 INFO org.apache.hadoop.hdfs.server.namenode.FSImageFormatProtobuf: Loaded FSImage in 0 seconds.
2023-02-16 23:52:27,800 INFO org.apache.hadoop.hdfs.server.namenode.FSImage: Loaded image for txid 0 from /tmp/hadoop-ubuntu/dfs/namesecondary/current/fsimage_0000000000000000000
2023-02-16 23:52:27,800 INFO org.apache.hadoop.hdfs.server.namenode.NameCache: initialized with 0 entries 0 lookups
2023-02-16 23:52:27,804 INFO org.apache.hadoop.hdfs.server.namenode.Checkpointer: Checkpointer about to load edits from 1 stream(s).
2023-02-16 23:52:27,809 INFO org.apache.hadoop.hdfs.server.namenode.FSImage: Reading /tmp/hadoop-ubuntu/dfs/namesecondary/current/edits_0000000000000000001-0000000000000000002 expecting start txid #1
2023-02-16 23:52:27,809 INFO org.apache.hadoop.hdfs.server.namenode.FSImage: Start loading edits file /tmp/hadoop-ubuntu/dfs/namesecondary/current/edits_0000000000000000001-0000000000000000002 maxTxnsToRead = 9223372036854775807
2023-02-16 23:52:27,836 INFO org.apache.hadoop.hdfs.server.namenode.FSImage: Loaded 1 edits file(s) (the last named /tmp/hadoop-ubuntu/dfs/namesecondary/current/edits_0000000000000000001-0000000000000000002) of total size 42.0, total edits 2.0, total load time 16.0 ms
2023-02-16 23:52:27,852 INFO org.apache.hadoop.hdfs.server.namenode.FSImageFormatProtobuf: Saving image file /tmp/hadoop-ubuntu/dfs/namesecondary/current/fsimage.ckpt_0000000000000000002 using no compression
2023-02-16 23:52:27,881 INFO org.apache.hadoop.hdfs.server.namenode.FSImageFormatProtobuf: Image file /tmp/hadoop-ubuntu/dfs/namesecondary/current/fsimage.ckpt_0000000000000000002 of size 401 bytes saved in 0 seconds .
2023-02-16 23:52:27,885 INFO org.apache.hadoop.hdfs.server.namenode.FSImageTransactionalStorageInspector: No version file in /tmp/hadoop-ubuntu/dfs/namesecondary
2023-02-16 23:52:27,889 INFO org.apache.hadoop.hdfs.server.namenode.FSImageTransactionalStorageInspector: No version file in /tmp/hadoop-ubuntu/dfs/namesecondary
2023-02-16 23:52:27,917 INFO org.apache.hadoop.hdfs.server.namenode.TransferFsImage: Image Transfer timeout configured to 60000 milliseconds
2023-02-16 23:52:27,918 INFO org.apache.hadoop.hdfs.server.namenode.TransferFsImage: Sending fileName: /tmp/hadoop-ubuntu/dfs/namesecondary/current/fsimage_0000000000000000002, fileSize: 401. Sent total: 401 bytes. Size of last segment intended to send: -1 bytes.
2023-02-16 23:52:27,925 WARN org.apache.hadoop.hdfs.server.namenode.SecondaryNameNode: Checkpoint done. New Image Size: 401
2023-02-17 00:52:28,252 INFO org.apache.hadoop.hdfs.server.namenode.SecondaryNameNode: Image has changed. Downloading updated image from NN.
2023-02-17 00:52:28,252 INFO org.apache.hadoop.hdfs.server.namenode.TransferFsImage: Opening connection to http://localhost:9870/imagetransfer?getimage=1&txid=0&storageInfo=-66:580323512:1676561229854:CID-f00aa786-3bff-443d-90de-a79038773345&bootstrapstandby=false
2023-02-17 00:52:28,269 INFO org.apache.hadoop.hdfs.server.common.Util: Combined time for file download and fsync to all disks took 0.00s. The file download took 0.00s at 0.00 KB/s. Synchronous (fsync) write to disk of /tmp/hadoop-ubuntu/dfs/namesecondary/current/fsimage.ckpt_0000000000000000000 took 0.00s.
2023-02-17 00:52:28,269 INFO org.apache.hadoop.hdfs.server.namenode.TransferFsImage: Downloaded file fsimage.ckpt_0000000000000000000 size 401 bytes.
2023-02-17 00:52:28,274 INFO org.apache.hadoop.hdfs.server.namenode.TransferFsImage: Skipping download of remote edit log [1,2] since it already is stored locally at /tmp/hadoop-ubuntu/dfs/namesecondary/current/edits_0000000000000000001-0000000000000000002
2023-02-17 00:52:28,274 INFO org.apache.hadoop.hdfs.server.namenode.TransferFsImage: Opening connection to http://localhost:9870/imagetransfer?getedit=1&startTxId=3&endTxId=4&storageInfo=-66:580323512:1676561229854:CID-f00aa786-3bff-443d-90de-a79038773345
2023-02-17 00:52:28,281 INFO org.apache.hadoop.hdfs.server.common.Util: Combined time for file download and fsync to all disks took 0.00s. The file download took 0.00s at 0.00 KB/s. Synchronous (fsync) write to disk of /tmp/hadoop-ubuntu/dfs/namesecondary/current/edits_tmp_0000000000000000003-0000000000000000004_0000000030859903289 took 0.00s.
2023-02-17 00:52:28,281 INFO org.apache.hadoop.hdfs.server.namenode.TransferFsImage: Downloaded file edits_tmp_0000000000000000003-0000000000000000004_0000000030859903289 size 0 bytes.
2023-02-17 00:52:28,282 INFO org.apache.hadoop.hdfs.server.namenode.Checkpointer: Checkpointer about to load edits from 1 stream(s).
2023-02-17 00:52:28,282 INFO org.apache.hadoop.hdfs.server.namenode.FSImage: Reading /tmp/hadoop-ubuntu/dfs/namesecondary/current/edits_0000000000000000003-0000000000000000004 expecting start txid #3
2023-02-17 00:52:28,282 INFO org.apache.hadoop.hdfs.server.namenode.FSImage: Start loading edits file /tmp/hadoop-ubuntu/dfs/namesecondary/current/edits_0000000000000000003-0000000000000000004 maxTxnsToRead = 9223372036854775807
2023-02-17 00:52:28,282 INFO org.apache.hadoop.hdfs.server.namenode.FSImage: Loaded 1 edits file(s) (the last named /tmp/hadoop-ubuntu/dfs/namesecondary/current/edits_0000000000000000003-0000000000000000004) of total size 42.0, total edits 2.0, total load time 0.0 ms
2023-02-17 00:52:28,293 INFO org.apache.hadoop.hdfs.server.namenode.FSImageFormatProtobuf: Saving image file /tmp/hadoop-ubuntu/dfs/namesecondary/current/fsimage.ckpt_0000000000000000004 using no compression
2023-02-17 00:52:28,295 INFO org.apache.hadoop.hdfs.server.namenode.FSImageFormatProtobuf: Image file /tmp/hadoop-ubuntu/dfs/namesecondary/current/fsimage.ckpt_0000000000000000004 of size 401 bytes saved in 0 seconds .
2023-02-17 00:52:28,310 INFO org.apache.hadoop.hdfs.server.namenode.NNStorageRetentionManager: Going to retain 2 images with txid >= 2
2023-02-17 00:52:28,310 INFO org.apache.hadoop.hdfs.server.namenode.NNStorageRetentionManager: Purging old image FSImageFile(file=/tmp/hadoop-ubuntu/dfs/namesecondary/current/fsimage_0000000000000000000, cpktTxId=0000000000000000000)
2023-02-17 00:52:28,317 INFO org.apache.hadoop.hdfs.server.namenode.TransferFsImage: Sending fileName: /tmp/hadoop-ubuntu/dfs/namesecondary/current/fsimage_0000000000000000004, fileSize: 401. Sent total: 401 bytes. Size of last segment intended to send: -1 bytes.
2023-02-17 00:52:28,333 INFO org.apache.hadoop.hdfs.server.namenode.TransferFsImage: Uploaded image with txid 4 to namenode at http://localhost:9870 in 0.017 seconds
2023-02-17 00:52:28,333 WARN org.apache.hadoop.hdfs.server.namenode.SecondaryNameNode: Checkpoint done. New Image Size: 401
2023-02-17 01:52:28,634 INFO org.apache.hadoop.hdfs.server.namenode.SecondaryNameNode: Image has not changed. Will not download image.
2023-02-17 01:52:28,634 INFO org.apache.hadoop.hdfs.server.namenode.TransferFsImage: Opening connection to http://localhost:9870/imagetransfer?getedit=1&startTxId=5&endTxId=6&storageInfo=-66:580323512:1676561229854:CID-f00aa786-3bff-443d-90de-a79038773345
2023-02-17 01:52:28,641 INFO org.apache.hadoop.hdfs.server.common.Util: Combined time for file download and fsync to all disks took 0.00s. The file download took 0.00s at 0.00 KB/s. Synchronous (fsync) write to disk of /tmp/hadoop-ubuntu/dfs/namesecondary/current/edits_tmp_0000000000000000005-0000000000000000006_0000000030863503649 took 0.00s.
2023-02-17 01:52:28,641 INFO org.apache.hadoop.hdfs.server.namenode.TransferFsImage: Downloaded file edits_tmp_0000000000000000005-0000000000000000006_0000000030863503649 size 0 bytes.
2023-02-17 01:52:28,641 INFO org.apache.hadoop.hdfs.server.namenode.Checkpointer: Checkpointer about to load edits from 1 stream(s).
2023-02-17 01:52:28,641 INFO org.apache.hadoop.hdfs.server.namenode.FSImage: Reading /tmp/hadoop-ubuntu/dfs/namesecondary/current/edits_0000000000000000005-0000000000000000006 expecting start txid #5
2023-02-17 01:52:28,641 INFO org.apache.hadoop.hdfs.server.namenode.FSImage: Start loading edits file /tmp/hadoop-ubuntu/dfs/namesecondary/current/edits_0000000000000000005-0000000000000000006 maxTxnsToRead = 9223372036854775807
2023-02-17 01:52:28,642 INFO org.apache.hadoop.hdfs.server.namenode.FSImage: Loaded 1 edits file(s) (the last named /tmp/hadoop-ubuntu/dfs/namesecondary/current/edits_0000000000000000005-0000000000000000006) of total size 42.0, total edits 2.0, total load time 1.0 ms
2023-02-17 01:52:28,653 INFO org.apache.hadoop.hdfs.server.namenode.FSImageFormatProtobuf: Saving image file /tmp/hadoop-ubuntu/dfs/namesecondary/current/fsimage.ckpt_0000000000000000006 using no compression
2023-02-17 01:52:28,655 INFO org.apache.hadoop.hdfs.server.namenode.FSImageFormatProtobuf: Image file /tmp/hadoop-ubuntu/dfs/namesecondary/current/fsimage.ckpt_0000000000000000006 of size 401 bytes saved in 0 seconds .
2023-02-17 01:52:28,661 INFO org.apache.hadoop.hdfs.server.namenode.NNStorageRetentionManager: Going to retain 2 images with txid >= 4
2023-02-17 01:52:28,662 INFO org.apache.hadoop.hdfs.server.namenode.NNStorageRetentionManager: Purging old image FSImageFile(file=/tmp/hadoop-ubuntu/dfs/namesecondary/current/fsimage_0000000000000000002, cpktTxId=0000000000000000002)
2023-02-17 01:52:28,669 INFO org.apache.hadoop.hdfs.server.namenode.TransferFsImage: Sending fileName: /tmp/hadoop-ubuntu/dfs/namesecondary/current/fsimage_0000000000000000006, fileSize: 401. Sent total: 401 bytes. Size of last segment intended to send: -1 bytes.
2023-02-17 01:52:28,682 INFO org.apache.hadoop.hdfs.server.namenode.TransferFsImage: Uploaded image with txid 6 to namenode at http://localhost:9870 in 0.014 seconds
2023-02-17 01:52:28,683 WARN org.apache.hadoop.hdfs.server.namenode.SecondaryNameNode: Checkpoint done. New Image Size: 401
2023-02-17 02:52:28,960 INFO org.apache.hadoop.hdfs.server.namenode.SecondaryNameNode: Image has not changed. Will not download image.
2023-02-17 02:52:28,960 INFO org.apache.hadoop.hdfs.server.namenode.TransferFsImage: Opening connection to http://localhost:9870/imagetransfer?getedit=1&startTxId=7&endTxId=8&storageInfo=-66:580323512:1676561229854:CID-f00aa786-3bff-443d-90de-a79038773345
2023-02-17 02:52:28,967 INFO org.apache.hadoop.hdfs.server.common.Util: Combined time for file download and fsync to all disks took 0.00s. The file download took 0.00s at 0.00 KB/s. Synchronous (fsync) write to disk of /tmp/hadoop-ubuntu/dfs/namesecondary/current/edits_tmp_0000000000000000007-0000000000000000008_0000000030867103975 took 0.00s.
2023-02-17 02:52:28,967 INFO org.apache.hadoop.hdfs.server.namenode.TransferFsImage: Downloaded file edits_tmp_0000000000000000007-0000000000000000008_0000000030867103975 size 0 bytes.
2023-02-17 02:52:28,967 INFO org.apache.hadoop.hdfs.server.namenode.Checkpointer: Checkpointer about to load edits from 1 stream(s).
2023-02-17 02:52:28,967 INFO org.apache.hadoop.hdfs.server.namenode.FSImage: Reading /tmp/hadoop-ubuntu/dfs/namesecondary/current/edits_0000000000000000007-0000000000000000008 expecting start txid #7
2023-02-17 02:52:28,967 INFO org.apache.hadoop.hdfs.server.namenode.FSImage: Start loading edits file /tmp/hadoop-ubuntu/dfs/namesecondary/current/edits_0000000000000000007-0000000000000000008 maxTxnsToRead = 9223372036854775807
2023-02-17 02:52:28,968 INFO org.apache.hadoop.hdfs.server.namenode.FSImage: Loaded 1 edits file(s) (the last named /tmp/hadoop-ubuntu/dfs/namesecondary/current/edits_0000000000000000007-0000000000000000008) of total size 42.0, total edits 2.0, total load time 1.0 ms
2023-02-17 02:52:28,978 INFO org.apache.hadoop.hdfs.server.namenode.FSImageFormatProtobuf: Saving image file /tmp/hadoop-ubuntu/dfs/namesecondary/current/fsimage.ckpt_0000000000000000008 using no compression
2023-02-17 02:52:28,980 INFO org.apache.hadoop.hdfs.server.namenode.FSImageFormatProtobuf: Image file /tmp/hadoop-ubuntu/dfs/namesecondary/current/fsimage.ckpt_0000000000000000008 of size 401 bytes saved in 0 seconds .
2023-02-17 02:52:28,984 INFO org.apache.hadoop.hdfs.server.namenode.NNStorageRetentionManager: Going to retain 2 images with txid >= 6
2023-02-17 02:52:28,984 INFO org.apache.hadoop.hdfs.server.namenode.NNStorageRetentionManager: Purging old image FSImageFile(file=/tmp/hadoop-ubuntu/dfs/namesecondary/current/fsimage_0000000000000000004, cpktTxId=0000000000000000004)
2023-02-17 02:52:28,990 INFO org.apache.hadoop.hdfs.server.namenode.TransferFsImage: Sending fileName: /tmp/hadoop-ubuntu/dfs/namesecondary/current/fsimage_0000000000000000008, fileSize: 401. Sent total: 401 bytes. Size of last segment intended to send: -1 bytes.
2023-02-17 02:52:29,001 INFO org.apache.hadoop.hdfs.server.namenode.TransferFsImage: Uploaded image with txid 8 to namenode at http://localhost:9870 in 0.012 seconds
